Started logging @ 2018-09-04 12:16:25.838
[2018-09-04 10:16:25.849][MapTouchController] DEBUG - Changing doubletap enabled from False to False
[2018-09-04 10:16:25.853][MapTouchController] DEBUG - Changing touch enabled from True to False
[2018-09-04 10:16:25.859][Controller] DEBUG - Awake!
[2018-09-04 10:16:25.861][Controller] DEBUG - Created LocationAwarenessPlugin
[2018-09-04 10:16:25.866][Controller] DEBUG - Added UnityLocationService to Controller
[2018-09-04 10:16:25.868][CineastApi] DEBUG - Awake
[2018-09-04 10:16:25.880][CineastApi] DEBUG - Set configuration!
[2018-09-04 10:16:25.884][CineastApi] DEBUG - Successfully loaded config {"cineastHost":"http://localhost:4567/","imagesHost":"http://localhost/"}
[2018-09-04 10:16:25.887][Controller] DEBUG - Added CineastApi to Controller
[2018-09-04 10:16:25.978][Controller] DEBUG - Restoring state
[2018-09-04 10:16:25.980][Controller] DEBUG - Restored
[2018-09-04 10:16:25.980][Controller] INFO - Unpaused
[2018-09-04 10:16:25.997][ARMapper] DEBUG - AR CORE STATUS: None
[2018-09-04 10:16:25.999][ARMapper] ERROR - No first Person Camera Found!
[2018-09-04 10:16:26.013][PanelManager] DEBUG - Adding panel with panelname=home and gameobject name=HomePanel
[2018-09-04 10:16:26.014][PanelManager] DEBUG - Adding panel with panelname=choice and gameobject name=ChoicePanel
[2018-09-04 10:16:26.019][PanelManager] DEBUG - Adding panel with panelname=display and gameobject name=DisplayImagePanel
[2018-09-04 10:16:26.022][PanelManager] DEBUG - Adding panel with panelname=map and gameobject name=MapPanel
[2018-09-04 10:16:26.023][PanelManager] DEBUG - Adding panel with panelname=customize and gameobject name=CustomizeSearchPanel
[2018-09-04 10:16:26.024][PanelManager] DEBUG - Adding panel with panelname=result and gameobject name=ResultLocationDisplay
[2018-09-04 10:16:26.026][PanelManager] DEBUG - Adding panel with panelname=filter and gameobject name=FilterPanel
[2018-09-04 10:16:26.029][PanelManager] DEBUG - Adding panel with panelname=waiting and gameobject name=WaitingPanel
[2018-09-04 10:16:26.030][PanelManager] DEBUG - Adding panel with panelname=mapShow and gameobject name=MapShowPanel
[2018-09-04 10:16:26.031][PanelManager] DEBUG - Adding panel with panelname=queryImage and gameobject name=QueryImagePanel
[2018-09-04 10:16:26.033][PanelManager] DEBUG - Adding panel with panelname=ar-display and gameobject name=ARDisplayPanel
[2018-09-04 10:16:26.034][PanelManager] DEBUG - Showing panel home
[2018-09-04 10:16:26.035][PanelManager] DEBUG - Last Active panel: home
[2018-09-04 10:16:26.037][PanelManager] DEBUG - Going to call onVisibilityChanged(false) on home
[2018-09-04 10:16:26.040][PanelManager] DEBUG - Deactivating all panels
[2018-09-04 10:16:26.042][PanelManager] DEBUG - Setting home's visibility to False
[2018-09-04 10:16:26.045][PanelManager] DEBUG - Setting choice's visibility to False
[2018-09-04 10:16:26.049][PanelManager] DEBUG - Setting display's visibility to False
[2018-09-04 10:16:26.052][PanelManager] DEBUG - Setting map's visibility to False
[2018-09-04 10:16:26.054][PanelManager] DEBUG - Setting customize's visibility to False
[2018-09-04 10:16:26.056][PanelManager] DEBUG - Setting result's visibility to False
[2018-09-04 10:16:26.057][PanelManager] DEBUG - Setting filter's visibility to False
[2018-09-04 10:16:26.059][PanelManager] DEBUG - Setting waiting's visibility to False
[2018-09-04 10:16:26.061][PanelManager] DEBUG - Setting mapShow's visibility to False
[2018-09-04 10:16:26.062][PanelManager] DEBUG - Setting queryImage's visibility to False
[2018-09-04 10:16:26.064][PanelManager] DEBUG - Setting ar-display's visibility to False
[2018-09-04 10:16:26.066][PanelManager] DEBUG - Setting home's visibility to True
[2018-09-04 10:16:26.067][PanelManager] DEBUG - Going to call onVisibilityChanged(true) on home
[2018-09-04 10:16:26.071][Controller] DEBUG - Start
[2018-09-04 10:16:26.072][Controller] WARN - No location service available. Using default location
[2018-09-04 10:16:26.073][Controller] DEBUG - Initialize Map GeoLocGeoLocation [latitude=47.560127, longitude=7.589704]
[2018-09-04 10:16:26.083][Controller] INFO - Early initialization done
[2018-09-04 10:16:28.352][MapTouchController] DEBUG - Changing doubletap enabled from False to True
[2018-09-04 10:16:36.923][Controller] DEBUG - Removing data
[2018-09-04 10:16:36.924][IOUtils] DEBUG - Removed data file
[2018-09-04 10:16:36.925][IOUtils] DEBUG - Did data file survive: no
