Started logging @ 2018-09-04 10:56:34.380
[2018-09-04 08:56:34.383][MapTouchController] DEBUG - Changing doubletap enabled from False to False
[2018-09-04 08:56:34.387][MapTouchController] DEBUG - Changing touch enabled from True to False
[2018-09-04 08:56:34.403][Controller] DEBUG - Awake!
[2018-09-04 08:56:34.407][Controller] DEBUG - Created LocationAwarenessPlugin
[2018-09-04 08:56:34.413][Controller] DEBUG - Added UnityLocationService to Controller
[2018-09-04 08:56:34.415][CineastApi] DEBUG - Awake
[2018-09-04 08:56:34.421][CineastApi] DEBUG - Set configuration!
[2018-09-04 08:56:34.424][CineastApi] DEBUG - Successfully loaded config {"cineastHost":"http://localhost:4567/","imagesHost":"http://localhost/"}
[2018-09-04 08:56:34.425][Controller] DEBUG - Added CineastApi to Controller
[2018-09-04 08:56:34.495][Controller] DEBUG - Restoring state
[2018-09-04 08:56:34.497][Controller] DEBUG - Restored
[2018-09-04 08:56:34.498][Controller] INFO - Unpaused
[2018-09-04 08:56:34.543][PanelManager] DEBUG - Adding panel with panelname=home and gameobject name=HomePanel
[2018-09-04 08:56:34.546][PanelManager] DEBUG - Adding panel with panelname=choice and gameobject name=ChoicePanel
[2018-09-04 08:56:34.549][PanelManager] DEBUG - Adding panel with panelname=display and gameobject name=DisplayImagePanel
[2018-09-04 08:56:34.552][PanelManager] DEBUG - Adding panel with panelname=map and gameobject name=MapPanel
[2018-09-04 08:56:34.554][PanelManager] DEBUG - Adding panel with panelname=customize and gameobject name=CustomizeSearchPanel
[2018-09-04 08:56:34.556][PanelManager] DEBUG - Adding panel with panelname=result and gameobject name=ResultLocationDisplay
[2018-09-04 08:56:34.558][PanelManager] DEBUG - Adding panel with panelname=filter and gameobject name=FilterPanel
[2018-09-04 08:56:34.559][PanelManager] DEBUG - Adding panel with panelname=waiting and gameobject name=WaitingPanel
[2018-09-04 08:56:34.561][PanelManager] DEBUG - Adding panel with panelname=mapShow and gameobject name=MapShowPanel
[2018-09-04 08:56:34.562][PanelManager] DEBUG - Adding panel with panelname=queryImage and gameobject name=QueryImagePanel
[2018-09-04 08:56:34.564][PanelManager] DEBUG - Adding panel with panelname=ar-display and gameobject name=ARDisplayPanel
[2018-09-04 08:56:34.565][PanelManager] DEBUG - Showing panel home
[2018-09-04 08:56:34.566][PanelManager] DEBUG - Last Active panel: home
[2018-09-04 08:56:34.567][PanelManager] DEBUG - Going to call onVisibilityChanged(false) on home
[2018-09-04 08:56:34.568][PanelManager] DEBUG - Deactivating all panels
[2018-09-04 08:56:34.570][PanelManager] DEBUG - Setting home's visibility to False
[2018-09-04 08:56:34.572][PanelManager] DEBUG - Setting choice's visibility to False
[2018-09-04 08:56:34.573][PanelManager] DEBUG - Setting display's visibility to False
[2018-09-04 08:56:34.575][PanelManager] DEBUG - Setting map's visibility to False
[2018-09-04 08:56:34.577][PanelManager] DEBUG - Setting customize's visibility to False
[2018-09-04 08:56:34.579][PanelManager] DEBUG - Setting result's visibility to False
[2018-09-04 08:56:34.580][PanelManager] DEBUG - Setting filter's visibility to False
[2018-09-04 08:56:34.583][PanelManager] DEBUG - Setting waiting's visibility to False
[2018-09-04 08:56:34.584][PanelManager] DEBUG - Setting mapShow's visibility to False
[2018-09-04 08:56:34.585][PanelManager] DEBUG - Setting queryImage's visibility to False
[2018-09-04 08:56:34.587][PanelManager] DEBUG - Setting ar-display's visibility to False
[2018-09-04 08:56:34.589][PanelManager] DEBUG - Setting home's visibility to True
[2018-09-04 08:56:34.590][PanelManager] DEBUG - Going to call onVisibilityChanged(true) on home
[2018-09-04 08:56:34.592][Controller] DEBUG - Start
[2018-09-04 08:56:34.593][Controller] WARN - No location service available. Using default location
[2018-09-04 08:56:34.594][Controller] DEBUG - Initialize Map GeoLocGeoLocation [latitude=47.560127, longitude=7.589704]
[2018-09-04 08:56:34.603][Controller] INFO - Early initialization done
[2018-09-04 08:56:35.322][PanelManager] DEBUG - Showing panel customize
[2018-09-04 08:56:35.325][PanelManager] DEBUG - Last Active panel: home
[2018-09-04 08:56:35.327][PanelManager] DEBUG - Going to call onVisibilityChanged(false) on home
[2018-09-04 08:56:35.329][PanelManager] DEBUG - Deactivating all panels
[2018-09-04 08:56:35.330][PanelManager] DEBUG - Setting home's visibility to False
[2018-09-04 08:56:35.332][PanelManager] DEBUG - Setting choice's visibility to False
[2018-09-04 08:56:35.334][PanelManager] DEBUG - Setting display's visibility to False
[2018-09-04 08:56:35.336][PanelManager] DEBUG - Setting map's visibility to False
[2018-09-04 08:56:35.337][PanelManager] DEBUG - Setting customize's visibility to False
[2018-09-04 08:56:35.339][PanelManager] DEBUG - Setting result's visibility to False
[2018-09-04 08:56:35.340][PanelManager] DEBUG - Setting filter's visibility to False
[2018-09-04 08:56:35.342][PanelManager] DEBUG - Setting waiting's visibility to False
[2018-09-04 08:56:35.344][PanelManager] DEBUG - Setting mapShow's visibility to False
[2018-09-04 08:56:35.345][PanelManager] DEBUG - Setting queryImage's visibility to False
[2018-09-04 08:56:35.347][PanelManager] DEBUG - Setting ar-display's visibility to False
[2018-09-04 08:56:35.349][PanelManager] DEBUG - Setting customize's visibility to True
[2018-09-04 08:56:35.351][PanelManager] DEBUG - Going to call onVisibilityChanged(true) on customize
[2018-09-04 08:56:35.385][MapTouchController] DEBUG - Changing doubletap enabled from False to True
[2018-09-04 08:56:38.465][Controller] DEBUG - GoMultiQuery
[2018-09-04 08:56:38.467][Controller] DEBUG - Ctrl:Changing state from IDLE to CINEAST_REQUEST
[2018-09-04 08:56:38.468][Controller] DEBUG - Clean
[2018-09-04 08:56:38.470][Controller] DEBUG - Resetting session
[2018-09-04 08:56:38.472][IOUtils] DEBUG - Removed data file
[2018-09-04 08:56:38.474][IOUtils] DEBUG - Did data file survive: no
[2018-09-04 08:56:38.475][Controller] DEBUG - Stopping location services: native=True,unity=True
[2018-09-04 08:56:38.480][Controller] DEBUG - Resetting lists
[2018-09-04 08:56:38.482][Controller] DEBUG - Clean
[2018-09-04 08:56:38.483][PanelManager] DEBUG - Showing panel waiting
[2018-09-04 08:56:38.485][PanelManager] DEBUG - Last Active panel: customize
[2018-09-04 08:56:38.486][PanelManager] DEBUG - Going to call onVisibilityChanged(false) on customize
[2018-09-04 08:56:38.488][PanelManager] DEBUG - Deactivating all panels
[2018-09-04 08:56:38.489][PanelManager] DEBUG - Setting home's visibility to False
[2018-09-04 08:56:38.491][PanelManager] DEBUG - Setting choice's visibility to False
[2018-09-04 08:56:38.493][PanelManager] DEBUG - Setting display's visibility to False
[2018-09-04 08:56:38.495][PanelManager] DEBUG - Setting map's visibility to False
[2018-09-04 08:56:38.497][PanelManager] DEBUG - Setting customize's visibility to False
[2018-09-04 08:56:38.499][PanelManager] DEBUG - Setting result's visibility to False
[2018-09-04 08:56:38.501][PanelManager] DEBUG - Setting filter's visibility to False
[2018-09-04 08:56:38.503][PanelManager] DEBUG - Setting waiting's visibility to False
[2018-09-04 08:56:38.504][PanelManager] DEBUG - Setting mapShow's visibility to False
[2018-09-04 08:56:38.506][PanelManager] DEBUG - Setting queryImage's visibility to False
[2018-09-04 08:56:38.508][PanelManager] DEBUG - Setting ar-display's visibility to False
[2018-09-04 08:56:38.510][PanelManager] DEBUG - Setting waiting's visibility to True
[2018-09-04 08:56:38.514][PanelManager] DEBUG - Going to call onVisibilityChanged(true) on waiting
[2018-09-04 08:56:38.538][Controller] DEBUG - Ratios: {spatial=1}
[2018-09-04 08:56:38.543][CineastApi] DEBUG - RequestWeightedSimilarAndThen
[2018-09-04 08:56:38.553][CineastApi] DEBUG - Starting initial similar request.
{"types":["IMAGE"],"containers":[{"terms":[{"categories":["spatial"],"type":"LOCATION","data":"[47.560127,7.589704]"}]}]}
[2018-09-04 08:56:38.724][CineastApi] DEBUG - Received similar response: <html>
<head>
<meta http-equiv="Content-Type" content="text/html;charset=utf-8"/>
<title>Error 405 HTTP method POST is not supported by this URL</title>
</head>
<body><h2>HTTP ERROR 405</h2>
<p>Problem accessing /api/v1/find/segments/by/id. Reason:
<pre>    HTTP method POST is not supported by this URL</pre></p><hr><a href="http://eclipse.org/jetty">Powered by Jetty:// 9.4.6.v20170531</a><hr/>

</body>
</html>

[2018-09-04 08:56:38.740][CineastApi] ERROR - HTTP error upon similar response
[2018-09-04 08:56:58.289][Controller] DEBUG - Removing data
[2018-09-04 08:56:58.290][IOUtils] DEBUG - Removed data file
[2018-09-04 08:56:58.292][IOUtils] DEBUG - Did data file survive: no
