Started logging @ 2018-09-04 11:11:30.776
[2018-09-04 09:11:30.793][MapTouchController] DEBUG - Changing doubletap enabled from False to False
[2018-09-04 09:11:30.796][MapTouchController] DEBUG - Changing touch enabled from True to False
[2018-09-04 09:11:30.825][Controller] DEBUG - Awake!
[2018-09-04 09:11:30.826][Controller] DEBUG - Created LocationAwarenessPlugin
[2018-09-04 09:11:30.831][Controller] DEBUG - Added UnityLocationService to Controller
[2018-09-04 09:11:30.834][CineastApi] DEBUG - Awake
[2018-09-04 09:11:30.842][CineastApi] DEBUG - Set configuration!
[2018-09-04 09:11:30.844][CineastApi] DEBUG - Successfully loaded config {"cineastHost":"http://localhost:4567/","imagesHost":"http://localhost/"}
[2018-09-04 09:11:30.846][Controller] DEBUG - Added CineastApi to Controller
[2018-09-04 09:11:30.938][Controller] DEBUG - Restoring state
[2018-09-04 09:11:30.940][Controller] DEBUG - Restored
[2018-09-04 09:11:30.941][Controller] INFO - Unpaused
[2018-09-04 09:11:30.967][PanelManager] DEBUG - Adding panel with panelname=home and gameobject name=HomePanel
[2018-09-04 09:11:30.969][PanelManager] DEBUG - Adding panel with panelname=choice and gameobject name=ChoicePanel
[2018-09-04 09:11:30.971][PanelManager] DEBUG - Adding panel with panelname=display and gameobject name=DisplayImagePanel
[2018-09-04 09:11:30.972][PanelManager] DEBUG - Adding panel with panelname=map and gameobject name=MapPanel
[2018-09-04 09:11:30.973][PanelManager] DEBUG - Adding panel with panelname=customize and gameobject name=CustomizeSearchPanel
[2018-09-04 09:11:30.974][PanelManager] DEBUG - Adding panel with panelname=result and gameobject name=ResultLocationDisplay
[2018-09-04 09:11:30.976][PanelManager] DEBUG - Adding panel with panelname=filter and gameobject name=FilterPanel
[2018-09-04 09:11:30.977][PanelManager] DEBUG - Adding panel with panelname=waiting and gameobject name=WaitingPanel
[2018-09-04 09:11:30.978][PanelManager] DEBUG - Adding panel with panelname=mapShow and gameobject name=MapShowPanel
[2018-09-04 09:11:30.979][PanelManager] DEBUG - Adding panel with panelname=queryImage and gameobject name=QueryImagePanel
[2018-09-04 09:11:30.980][PanelManager] DEBUG - Adding panel with panelname=ar-display and gameobject name=ARDisplayPanel
[2018-09-04 09:11:30.982][PanelManager] DEBUG - Showing panel home
[2018-09-04 09:11:30.983][PanelManager] DEBUG - Last Active panel: home
[2018-09-04 09:11:30.984][PanelManager] DEBUG - Going to call onVisibilityChanged(false) on home
[2018-09-04 09:11:30.986][PanelManager] DEBUG - Deactivating all panels
[2018-09-04 09:11:30.987][PanelManager] DEBUG - Setting home's visibility to False
[2018-09-04 09:11:30.989][PanelManager] DEBUG - Setting choice's visibility to False
[2018-09-04 09:11:30.991][PanelManager] DEBUG - Setting display's visibility to False
[2018-09-04 09:11:30.993][PanelManager] DEBUG - Setting map's visibility to False
[2018-09-04 09:11:30.995][PanelManager] DEBUG - Setting customize's visibility to False
[2018-09-04 09:11:30.996][PanelManager] DEBUG - Setting result's visibility to False
[2018-09-04 09:11:30.998][PanelManager] DEBUG - Setting filter's visibility to False
[2018-09-04 09:11:31.000][PanelManager] DEBUG - Setting waiting's visibility to False
[2018-09-04 09:11:31.002][PanelManager] DEBUG - Setting mapShow's visibility to False
[2018-09-04 09:11:31.003][PanelManager] DEBUG - Setting queryImage's visibility to False
[2018-09-04 09:11:31.004][PanelManager] DEBUG - Setting ar-display's visibility to False
[2018-09-04 09:11:31.006][PanelManager] DEBUG - Setting home's visibility to True
[2018-09-04 09:11:31.008][PanelManager] DEBUG - Going to call onVisibilityChanged(true) on home
[2018-09-04 09:11:31.011][Controller] DEBUG - Start
[2018-09-04 09:11:31.012][Controller] WARN - No location service available. Using default location
[2018-09-04 09:11:31.014][Controller] DEBUG - Initialize Map GeoLocGeoLocation [latitude=47.560127, longitude=7.589704]
[2018-09-04 09:11:31.031][Controller] INFO - Early initialization done
[2018-09-04 09:11:32.340][MapTouchController] DEBUG - Changing doubletap enabled from False to True
[2018-09-04 09:11:33.033][Controller] DEBUG - Removing data
[2018-09-04 09:11:33.035][IOUtils] DEBUG - Removed data file
[2018-09-04 09:11:33.036][IOUtils] DEBUG - Did data file survive: no
